#
# There is insufficient memory for the Java Runtime Environment to continue.
# Native memory allocation (mmap) failed to map 201326592 bytes for G1 virtual space
# Possible reasons:
#   The system is out of physical RAM or swap space
#   The process is running with CompressedOops enabled, and the Java Heap may be blocking the growth of the native heap
# Possible solutions:
#   Reduce memory load on the system
#   Increase physical memory or swap space
#   Check if swap backing store is full
#   Decrease Java heap size (-Xmx/-Xms)
#   Decrease number of Java threads
#   Decrease Java thread stack sizes (-Xss)
#   Set larger code cache with -XX:ReservedCodeCacheSize=
#   JVM is running with Zero Based Compressed Oops mode in which the Java heap is
#     placed in the first 32GB address space. The Java Heap base address is the
#     maximum limit for the native heap growth. Please use -XX:HeapBaseMinAddress
#     to set the Java Heap base and to place the Java Heap above 32GB virtual address.
# This output file may be truncated or incomplete.
#
#  Out of Memory Error (os_windows.cpp:3550), pid=15040, tid=808
#
# JRE version:  (17.0.6+9) (build )
# Java VM: Java HotSpot(TM) 64-Bit Server VM (17.0.6+9-LTS-190, mixed mode, emulated-client, sharing, tiered, compressed oops, compressed class ptrs, g1 gc, windows-amd64)
# No core dump will be written. Minidumps are not enabled by default on client versions of Windows
#

---------------  S U M M A R Y ------------

Command Line: -XX:TieredStopAtLevel=1 -Dspring.profiles.active=dev -Dspring.output.ansi.enabled=always -Dcom.sun.management.jmxremote -Dspring.jmx.enabled=true -Dspring.liveBeansView.mbeanDomain -Dspring.application.admin.enabled=true -Dmanagement.endpoints.jmx.exposure.include=* -javaagent:C:\Users\yan\AppData\Local\JetBrains\Toolbox\apps\IDEA-U\ch-0\231.9011.34\lib\idea_rt.jar=49621:C:\Users\yan\AppData\Local\JetBrains\Toolbox\apps\IDEA-U\ch-0\231.9011.34\bin -Dfile.encoding=UTF-8 by.temniakov.ServerChatApplication

Host: Intel(R) Core(TM) i3-8130U CPU @ 2.20GHz, 4 cores, 11G,  Windows 10 , 64 bit Build 19041 (10.0.19041.2913)
Time: Mon May 29 17:28:28 2023 RTZ 2 (s 10 , 64 bit Build 19041 (10.0.19041.2913) elapsed time: 0.093871 seconds (0d 0h 0m 0s)

---------------  T H R E A D  ---------------

Current thread (0x0000024895983270):  JavaThread "Unknown thread" [_thread_in_vm, id=808, stack(0x0000005d49c00000,0x0000005d49d00000)]

Stack: [0x0000005d49c00000,0x0000005d49d00000]
Native frames: (J=compiled Java code, j=interpreted, Vv=VM code, C=native code)
V  [jvm.dll+0x6734ea]
V  [jvm.dll+0x7d18f4]
V  [jvm.dll+0x7d309e]
V  [jvm.dll+0x7d3703]
V  [jvm.dll+0x2433c5]
V  [jvm.dll+0x6703f9]
V  [jvm.dll+0x664d32]
V  [jvm.dll+0x300086]
V  [jvm.dll+0x307606]
V  [jvm.dll+0x356c1e]
V  [jvm.dll+0x356e4f]
V  [jvm.dll+0x2d72e8]
V  [jvm.dll+0x2d8254]
V  [jvm.dll+0x7a33b1]
V  [jvm.dll+0x3647f1]
V  [jvm.dll+0x782839]
V  [jvm.dll+0x3e757f]
V  [jvm.dll+0x3e9001]
C  [jli.dll+0x5297]
C  [ucrtbase.dll+0x21bb2]
C  [KERNEL32.DLL+0x17614]
C  [ntdll.dll+0x526a1]


---------------  P R O C E S S  ---------------

Threads class SMR info:
_java_thread_list=0x00007fff0d4fe958, length=0, elements={
}

Java Threads: ( => current thread )

Other Threads:
  0x00000248959d9c00 GCTaskThread "GC Thread#0" [stack: 0x0000005d49d00000,0x0000005d49e00000] [id=7020]
  0x00000248959e6950 ConcurrentGCThread "G1 Main Marker" [stack: 0x0000005d49e00000,0x0000005d49f00000] [id=4424]
  0x00000248959e7360 ConcurrentGCThread "G1 Conc#0" [stack: 0x0000005d49f00000,0x0000005d4a000000] [id=9392]

[error occurred during error reporting (printing all threads), id 0xc0000005, EXCEPTION_ACCESS_VIOLATION (0xc0000005) at pc=0x00007fff0cd37f07]

VM state: not at safepoint (not fully initialized)

VM Mutex/Monitor currently owned by a thread:  ([mutex/lock_event])
[0x000002489597d4c0] Heap_lock - owner thread: 0x0000024895983270

Heap address: 0x0000000741e00000, size: 3042 MB, Compressed Oops mode: Zero based, Oop shift amount: 3

CDS archive(s) mapped at: [0x0000000000000000-0x0000000000000000-0x0000000000000000), size 0, SharedBaseAddress: 0x0000000800000000, ArchiveRelocationMode: 0.
Narrow klass base: 0x0000000000000000, Narrow klass shift: 0, Narrow klass range: 0x0

GC Precious Log:
<Empty>

Heap:
 garbage-first heap   total 0K, used 0K [0x0000000741e00000, 0x0000000800000000)
  region size 2048K, 0 young (0K), 0 survivors (0K)

[error occurred during error reporting (printing heap information), id 0xc0000005, EXCEPTION_ACCESS_VIOLATION (0xc0000005) at pc=0x00007fff0d11c759]

GC Heap History (0 events):
No events

Deoptimization events (0 events):
No events

Classes unloaded (0 events):
No events

Classes redefined (0 events):
No events

Internal exceptions (0 events):
No events

VM Operations (0 events):
No events

Events (1 events):
Event: 0.068 Loaded shared library C:\Program Files\Java\jdk-17\bin\java.dll


Dynamic libraries:
0x00007ff70d9a0000 - 0x00007ff70d9b0000 	C:\Program Files\Java\jdk-17\bin\java.exe
0x00007fff6ebb0000 - 0x00007fff6eda8000 	C:\WINDOWS\SYSTEM32\ntdll.dll
0x00007fff6cf00000 - 0x00007fff6cfbf000 	C:\WINDOWS\System32\KERNEL32.DLL
0x00007fff6c440000 - 0x00007fff6c736000 	C:\WINDOWS\System32\KERNELBASE.dll
0x00007fff6c290000 - 0x00007fff6c390000 	C:\WINDOWS\System32\ucrtbase.dll
0x00007fff66dc0000 - 0x00007fff66ddb000 	C:\Program Files\Java\jdk-17\bin\VCRUNTIME140.dll
0x00007fff65110000 - 0x00007fff65128000 	C:\Program Files\Java\jdk-17\bin\jli.dll
0x00007fff6df70000 - 0x00007fff6e01f000 	C:\WINDOWS\System32\ADVAPI32.dll
0x00007fff6cfc0000 - 0x00007fff6d05e000 	C:\WINDOWS\System32\msvcrt.dll
0x00007fff6d060000 - 0x00007fff6d0fc000 	C:\WINDOWS\System32\sechost.dll
0x00007fff6d870000 - 0x00007fff6d996000 	C:\WINDOWS\System32\RPCRT4.dll
0x00007fff6cd40000 - 0x00007fff6cedd000 	C:\WINDOWS\System32\USER32.dll
0x00007fff6cbe0000 - 0x00007fff6cc02000 	C:\WINDOWS\System32\win32u.dll
0x00007fff6e2a0000 - 0x00007fff6e2cc000 	C:\WINDOWS\System32\GDI32.dll
0x00007fff6c800000 - 0x00007fff6c915000 	C:\WINDOWS\System32\gdi32full.dll
0x00007fff6c9e0000 - 0x00007fff6ca7d000 	C:\WINDOWS\System32\msvcp_win.dll
0x00007fff5b510000 - 0x00007fff5b7aa000 	C:\WINDOWS\WinSxS\amd64_microsoft.windows.common-controls_6595b64144ccf1df_6.0.19041.1110_none_60b5254171f9507e\COMCTL32.dll
0x00007fff64200000 - 0x00007fff6420a000 	C:\WINDOWS\SYSTEM32\VERSION.dll
0x00007fff6d9b0000 - 0x00007fff6d9e0000 	C:\WINDOWS\System32\IMM32.DLL
0x00007fff690a0000 - 0x00007fff690ac000 	C:\Program Files\Java\jdk-17\bin\vcruntime140_1.dll
0x00007fff2fc10000 - 0x00007fff2fc9e000 	C:\Program Files\Java\jdk-17\bin\msvcp140.dll
0x00007fff0ca50000 - 0x00007fff0d627000 	C:\Program Files\Java\jdk-17\bin\server\jvm.dll
0x00007fff6d1b0000 - 0x00007fff6d1b8000 	C:\WINDOWS\System32\PSAPI.DLL
0x00007fff48dd0000 - 0x00007fff48dd9000 	C:\WINDOWS\SYSTEM32\WSOCK32.dll
0x00007fff6e080000 - 0x00007fff6e0eb000 	C:\WINDOWS\System32\WS2_32.dll
0x00007fff5b970000 - 0x00007fff5b997000 	C:\WINDOWS\SYSTEM32\WINMM.dll
0x00007fff6aaa0000 - 0x00007fff6aab2000 	C:\WINDOWS\SYSTEM32\kernel.appcore.dll
0x00007fff65140000 - 0x00007fff6514a000 	C:\Program Files\Java\jdk-17\bin\jimage.dll
0x00007fff6a7d0000 - 0x00007fff6a9b4000 	C:\WINDOWS\SYSTEM32\DBGHELP.DLL
0x00007fff56ac0000 - 0x00007fff56af4000 	C:\WINDOWS\SYSTEM32\dbgcore.DLL
0x00007fff6c950000 - 0x00007fff6c9d2000 	C:\WINDOWS\System32\bcryptPrimitives.dll
0x00007fff38750000 - 0x00007fff3875e000 	C:\Program Files\Java\jdk-17\bin\instrument.dll
0x00007fff5d670000 - 0x00007fff5d695000 	C:\Program Files\Java\jdk-17\bin\java.dll

dbghelp: loaded successfully - version: 4.0.5 - missing functions: none
symbol engine: initialized successfully - sym options: 0x614 - pdb path: .;C:\Program Files\Java\jdk-17\bin;C:\WINDOWS\SYSTEM32;C:\WINDOWS\WinSxS\amd64_microsoft.windows.common-controls_6595b64144ccf1df_6.0.19041.1110_none_60b5254171f9507e;C:\Program Files\Java\jdk-17\bin\server

VM Arguments:
jvm_args: -XX:TieredStopAtLevel=1 -Dspring.profiles.active=dev -Dspring.output.ansi.enabled=always -Dcom.sun.management.jmxremote -Dspring.jmx.enabled=true -Dspring.liveBeansView.mbeanDomain -Dspring.application.admin.enabled=true -Dmanagement.endpoints.jmx.exposure.include=* -javaagent:C:\Users\yan\AppData\Local\JetBrains\Toolbox\apps\IDEA-U\ch-0\231.9011.34\lib\idea_rt.jar=49621:C:\Users\yan\AppData\Local\JetBrains\Toolbox\apps\IDEA-U\ch-0\231.9011.34\bin -Dfile.encoding=UTF-8 
java_command: by.temniakov.ServerChatApplication
java_class_path (initial): G:\source\JetBrains_projects\IdeaProjects\server-chat\build\classes\java\main;G:\source\JetBrains_projects\IdeaProjects\server-chat\build\resources\main;C:\Users\yan\.gradle\caches\modules-2\files-2.1\org.projectlombok\lombok\1.18.24\13a394eed5c4f9efb2a6d956e2086f1d81e857d9\lombok-1.18.24.jar;C:\Users\yan\.gradle\caches\modules-2\files-2.1\org.springframework.boot\spring-boot-starter-web\3.0.4\6a7405b436c6943f056cdbab587fe48bdc2b4911\spring-boot-starter-web-3.0.4.jar;C:\Users\yan\.gradle\caches\modules-2\files-2.1\org.springframework.boot\spring-boot-starter-data-jpa\3.0.4\a30a9ab237e22f82251ef67532d34d23cebbf20d\spring-boot-starter-data-jpa-3.0.4.jar;C:\Users\yan\.gradle\caches\modules-2\files-2.1\org.springframework.boot\spring-boot-starter\3.0.4\8f957a8bc9d70c0ca922406c6e23cb3db5d48109\spring-boot-starter-3.0.4.jar;C:\Users\yan\.gradle\caches\modules-2\files-2.1\org.postgresql\postgresql\42.5.3\646a6b458e463746946721409e370cea9cd005ed\postgresql-42.5.3.jar;C:\Users\yan\.gradle\caches\modules-2\files-2.1\com.oracle.database.jdbc\ojdbc8\21.5.0.0\eb13f0948ca8675f71d59b5e8a1129d4c6189e7a\ojdbc8-21.5.0.0.jar;C:\Users\yan\.gradle\caches\modules-2\files-2.1\org.springframework.boot\spring-boot-starter-json\3.0.4\5ddf427d011646fe787fdaa1b8edc4a4eebd48d5\spring-boot-starter-json-3.0.4.jar;C:\Users\yan\.gradle\caches\modules-2\files-2.1\org.springframework.boot\spring-boot-starter-tomcat\3.0.4\40babd5ca3db46adf7c59b70ca2e6f2a528b558c\spring-boot-starter-tomcat-3.0.4.jar;C:\Users\yan\.gradle\caches\modules-2\files-2.1\org.springframework\spring-webmvc\6.0.6\302580efc981ad6797a85814ea0996e2149bb420\spring-webmvc-6.0.6.jar;C:\Users\yan\.gradle\caches\modules-2\files-2.1\org.springframework\spring-web\6.0.6\2916961032e54aaeb534a290530b7b69e297bfcc\spring-web-6.0.6.jar;C:\Users\yan\.gradle\caches\modules-2\files-2.1\org.springframework.boot\spring-boot-starter-aop\3.0.4\624f2e87d204ef3de4c33d1286072c838e5d89f1\spring-boot-starter-aop-3.0.4.jar;C:\Us
Launcher Type: SUN_STANDARD

[Global flags]
     intx CICompilerCount                          = 3                                         {product} {ergonomic}
     uint ConcGCThreads                            = 1                                         {product} {ergonomic}
     uint G1ConcRefinementThreads                  = 4                                         {product} {ergonomic}
   size_t G1HeapRegionSize                         = 2097152                                   {product} {ergonomic}
    uintx GCDrainStackTargetSize                   = 64                                        {product} {ergonomic}
   size_t InitialHeapSize                          = 201326592                                 {product} {ergonomic}
     bool ManagementServer                         = true                                      {product} {command line}
   size_t MarkStackSize                            = 4194304                                   {product} {ergonomic}
   size_t MaxHeapSize                              = 3189768192                                {product} {ergonomic}
   size_t MinHeapDeltaBytes                        = 2097152                                   {product} {ergonomic}
   size_t MinHeapSize                              = 8388608                                   {product} {ergonomic}
    uintx NonProfiledCodeHeapSize                  = 0                                      {pd product} {ergonomic}
     bool ProfileInterpreter                       = false                                  {pd product} {command line}
    uintx ProfiledCodeHeapSize                     = 0                                      {pd product} {ergonomic}
   size_t SoftMaxHeapSize                          = 3189768192                             {manageable} {ergonomic}
     intx TieredStopAtLevel                        = 1                                         {product} {command line}
     bool UseCompressedClassPointers               = true                           {product lp64_product} {ergonomic}
     bool UseCompressedOops                        = true                           {product lp64_product} {ergonomic}
     bool UseG1GC                                  = true                                      {product} {ergonomic}
     bool UseLargePagesIndividualAllocation        = false                                  {pd product} {ergonomic}

Logging:
Log output configuration:
 #0: stdout all=warning uptime,level,tags
 #1: stderr all=off uptime,level,tags

Environment Variables:
JAVA_HOME=C:\Program Files\Java\jdk-17
CLASSPATH=.;
PATH=C:\Python311\Scripts\;C:\Python311\;C:\Program Files (x86)\Common Files\Oracle\Java\javapath;C:\Program Files\Java\jdk-19\bin;C:\Users\yan\AppData\Roaming\ActiveState\bin;G:\oracle_21c\WINDOWS.X64_213000_db_home\bin;G:\oracle_19c\WINDOWS.X64_193000_db\bin;G:\Oracle\bin;C:\Program Files\Common Files\Oracle\Java\javapath;C:\ProgramData\Oracle\Java\javapath;C:\Windows\system32;C:\Windows;C:\Windows\System32\Wbem;C:\Windows\System32\WindowsPowerShell\v1.0\;C:\WINDOWS\system32;C:\WINDOWS;C:\WINDOWS\System32\Wbem;C:\WINDOWS\System32\WindowsPowerShell\v1.0\;C:\WINDOWS\System32\OpenSSH\;C:\Program Files\Intel\WiFi\bin\;C:\Program Files\Common Files\Intel\WirelessCommon\;C:\Program Files\Git\cmd;C:\Program Files\dotnet\;C:\Program Files (x86)\Wolfram Research\WolframScript\;C:\ProgramData\chocolatey\bin;C:\Program Files\Microsoft SQL Server\Client SDK\ODBC\170\Tools\Binn\;G:\mingw64\bin;C:\Program Files\Java\jdk1.8.0_211\bin;C:\Program Files\Docker\Docker\resources\bin;C:\ProgramData\DockerDesktop\version-bin;C:\Program Files\PuTTY\;C:\Program Files\Microsoft SQL Server\110\Tools\Binn\;C:\Program Files (x86)\Microsoft SQL Server\110\Tools\Binn\;C:\Program Files\Microsoft SQL Server\110\DTS\Binn\;C:\Program Files (x86)\Microsoft SQL Server\110\Tools\Binn\ManagementStudio\;C:\Program Files (x86)\Microsoft SQL Server\110\DTS\Binn\;C:\Program Files\nodejs\node.exe;C:\Program Files\nodejs;G:\oracle_21c\WINDOWS.X64_213000_db_home\bin;C:\Program Files\MySQL\MySQL Shell 8.0\bin\;C:\Users\yan\AppData\Local\Microsoft\WindowsApps;G:\Техи\miktex\bin\x64\;C:\Users\yan\.dotnet\tools;G:\mingw64\bin;C:\Users\yan\AppData\Local\JetBrains\Toolbox\scripts;C:\Program Files\Oracle;C:\Users\yan\AppData\Roaming\npm;C:\Program Files\Heroku\bin
USERNAME=yan
OS=Windows_NT
PROCESSOR_IDENTIFIER=Intel64 Family 6 Model 142 Stepping 10, GenuineIntel



---------------  S Y S T E M  ---------------

OS:
 Windows 10 , 64 bit Build 19041 (10.0.19041.2913)
OS uptime: 0 days 18:26 hours
Hyper-V role detected

CPU: total 4 (initial active 4) (2 cores per cpu, 2 threads per core) family 6 model 142 stepping 10 microcode 0xb4, cx8, cmov, fxsr, ht, mmx, 3dnowpref, sse, sse2, sse3, ssse3, sse4.1, sse4.2, popcnt, lzcnt, tsc, tscinvbit, avx, avx2, aes, erms, clmul, bmi1, bmi2, adx, fma, vzeroupper, clflush, clflushopt, hv

Memory: 4k page, system-wide physical 12167M (251M free)
TotalPageFile size 20167M (AvailPageFile size 82M)
current process WorkingSet (physical memory assigned to process): 10M, peak: 10M
current process commit charge ("private bytes"): 46M, peak: 238M

vm_info: Java HotSpot(TM) 64-Bit Server VM (17.0.6+9-LTS-190) for windows-amd64 JRE (17.0.6+9-LTS-190), built on Dec  6 2022 15:53:54 by "mach5one" with MS VC++ 17.1 (VS2022)

END.
